<?xml version="1.0" encoding="UTF-8"?>
<!-- Generated by org.testng.reporters.JUnitXMLReporter -->
<testsuite hostname="Debanga-PC" ignored="0" name="book-flight-1" tests="5" failures="0" timestamp="10 Sep 2019 15:08:30 GMT" time="176.025" errors="0">
  <testcase name="registrationPage" time="123.824" classname="com.newtours.tests.BookFlightTest"/>
  <testcase name="registrationConfirmationPage" time="2.08" classname="com.newtours.tests.BookFlightTest"/>
  <testcase name="flightDetailsPage" time="3.318" classname="com.newtours.tests.BookFlightTest"/>
  <testcase name="findFlightPage" time="12.771" classname="com.newtours.tests.BookFlightTest"/>
  <testcase name="flightConfirmationPage" time="3.396" classname="com.newtours.tests.BookFlightTest"/>
</testsuite> <!-- book-flight-1 -->
