<?xml version="1.0" encoding="UTF-8"?>
<!-- Generated by org.testng.reporters.JUnitXMLReporter -->
<testsuite hostname="Debanga-PC" ignored="0" name="book-flight-4" tests="5" failures="0" timestamp="10 Sep 2019 15:06:59 GMT" time="77.761" errors="0">
  <testcase name="registrationPage" time="12.021" classname="com.newtours.tests.BookFlightTest"/>
  <testcase name="registrationConfirmationPage" time="4.766" classname="com.newtours.tests.BookFlightTest"/>
  <testcase name="flightDetailsPage" time="5.367" classname="com.newtours.tests.BookFlightTest"/>
  <testcase name="findFlightPage" time="4.789" classname="com.newtours.tests.BookFlightTest"/>
  <testcase name="flightConfirmationPage" time="9.01" classname="com.newtours.tests.BookFlightTest"/>
</testsuite> <!-- book-flight-4 -->
