<?xml version="1.0" encoding="UTF-8"?>
<!-- Generated by org.testng.reporters.JUnitXMLReporter -->
<testsuite hostname="Debanga-PC" ignored="0" name="book-flight-2" tests="5" failures="0" timestamp="10 Sep 2019 15:06:59 GMT" time="74.548" errors="0">
  <testcase name="registrationPage" time="12.037" classname="com.newtours.tests.BookFlightTest"/>
  <testcase name="registrationConfirmationPage" time="4.852" classname="com.newtours.tests.BookFlightTest"/>
  <testcase name="flightDetailsPage" time="5.185" classname="com.newtours.tests.BookFlightTest"/>
  <testcase name="findFlightPage" time="5.559" classname="com.newtours.tests.BookFlightTest"/>
  <testcase name="flightConfirmationPage" time="4.758" classname="com.newtours.tests.BookFlightTest"/>
</testsuite> <!-- book-flight-2 -->
